<?xml version="1.0" encoding="UTF-8"?>
<!-- Generated by org.testng.reporters.JUnitReportReporter -->
<testsuite skipped="1" hostname="DESKTOP-I0OL2MO" name="qxpProj.fbtest1" tests="1" failures="0" timestamp="02 May 2021 14:38:28 GMT" time="0.000" errors="0">
  <testcase name="test2" time="0.000" classname="qxpProj.fbtest1">
    <skipped/>
  </testcase> <!-- test2 -->
</testsuite> <!-- qxpProj.fbtest1 -->
